E:\LIBRARIES\CLOUD STORAGE\DROPBOX\SCHOOL\14 - FALL 2013\VIDEO GAME PRODUCTION PROJECT\MODULE 4\TOWERDEFENSE\TOWERDEFENSE\DEBUG\GAMEENGINE.OBJ
E:\LIBRARIES\CLOUD STORAGE\DROPBOX\SCHOOL\14 - FALL 2013\VIDEO GAME PRODUCTION PROJECT\MODULE 4\TOWERDEFENSE\TOWERDEFENSE\DEBUG\GAMELOG.OBJ
E:\LIBRARIES\CLOUD STORAGE\DROPBOX\SCHOOL\14 - FALL 2013\VIDEO GAME PRODUCTION PROJECT\MODULE 4\TOWERDEFENSE\TOWERDEFENSE\DEBUG\INTRO.OBJ
E:\LIBRARIES\CLOUD STORAGE\DROPBOX\SCHOOL\14 - FALL 2013\VIDEO GAME PRODUCTION PROJECT\MODULE 4\TOWERDEFENSE\TOWERDEFENSE\DEBUG\MAIN.OBJ
E:\LIBRARIES\CLOUD STORAGE\DROPBOX\SCHOOL\14 - FALL 2013\VIDEO GAME PRODUCTION PROJECT\MODULE 4\TOWERDEFENSE\TOWERDEFENSE\DEBUG\MAINMENU.OBJ
E:\LIBRARIES\CLOUD STORAGE\DROPBOX\SCHOOL\14 - FALL 2013\VIDEO GAME PRODUCTION PROJECT\MODULE 4\TOWERDEFENSE\TOWERDEFENSE\DEBUG\MENUITEM.OBJ
E:\LIBRARIES\CLOUD STORAGE\DROPBOX\SCHOOL\14 - FALL 2013\VIDEO GAME PRODUCTION PROJECT\MODULE 4\TOWERDEFENSE\TOWERDEFENSE\DEBUG\VC110.PDB
E:\LIBRARIES\CLOUD STORAGE\DROPBOX\SCHOOL\14 - FALL 2013\VIDEO GAME PRODUCTION PROJECT\MODULE 4\TOWERDEFENSE\TOWERDEFENSE\DEBUG\SETTINGS.OBJ
E:\LIBRARIES\CLOUD STORAGE\DROPBOX\SCHOOL\14 - FALL 2013\VIDEO GAME PRODUCTION PROJECT\MODULE 4\TOWERDEFENSE\TOWERDEFENSE\DEBUG\NEWGAME.OBJ
E:\LIBRARIES\CLOUD STORAGE\DROPBOX\SCHOOL\14 - FALL 2013\VIDEO GAME PRODUCTION PROJECT\MODULE 4\TOWERDEFENSE\DEBUG\TOWERDEFENSE.ILK
E:\LIBRARIES\CLOUD STORAGE\DROPBOX\SCHOOL\14 - FALL 2013\VIDEO GAME PRODUCTION PROJECT\MODULE 4\TOWERDEFENSE\DEBUG\TOWERDEFENSE.EXE
E:\LIBRARIES\CLOUD STORAGE\DROPBOX\SCHOOL\14 - FALL 2013\VIDEO GAME PRODUCTION PROJECT\MODULE 4\TOWERDEFENSE\DEBUG\TOWERDEFENSE.PDB
E:\LIBRARIES\CLOUD STORAGE\DROPBOX\SCHOOL\14 - FALL 2013\VIDEO GAME PRODUCTION PROJECT\MODULE 4\TOWERDEFENSE\TOWERDEFENSE\DEBUG\TOWERDEFENSE.RES
E:\Libraries\Cloud Storage\Dropbox\School\14 - Fall 2013\Video Game Production Project\Module 4\TowerDefense\TowerDefense\Debug\GameEngine.obj
E:\Libraries\Cloud Storage\Dropbox\School\14 - Fall 2013\Video Game Production Project\Module 4\TowerDefense\TowerDefense\Debug\GameLog.obj
E:\Libraries\Cloud Storage\Dropbox\School\14 - Fall 2013\Video Game Production Project\Module 4\TowerDefense\TowerDefense\Debug\Intro.obj
E:\Libraries\Cloud Storage\Dropbox\School\14 - Fall 2013\Video Game Production Project\Module 4\TowerDefense\TowerDefense\Debug\main.obj
E:\Libraries\Cloud Storage\Dropbox\School\14 - Fall 2013\Video Game Production Project\Module 4\TowerDefense\TowerDefense\Debug\MainMenu.obj
E:\Libraries\Cloud Storage\Dropbox\School\14 - Fall 2013\Video Game Production Project\Module 4\TowerDefense\TowerDefense\Debug\MenuItem.obj
E:\Libraries\Cloud Storage\Dropbox\School\14 - Fall 2013\Video Game Production Project\Module 4\TowerDefense\TowerDefense\Debug\NewGame.obj
E:\Libraries\Cloud Storage\Dropbox\School\14 - Fall 2013\Video Game Production Project\Module 4\TowerDefense\TowerDefense\Debug\Settings.obj
E:\Libraries\Cloud Storage\Dropbox\School\14 - Fall 2013\Video Game Production Project\Module 4\TowerDefense\TowerDefense\Debug\cl.command.1.tlog
E:\Libraries\Cloud Storage\Dropbox\School\14 - Fall 2013\Video Game Production Project\Module 4\TowerDefense\TowerDefense\Debug\CL.read.1.tlog
E:\Libraries\Cloud Storage\Dropbox\School\14 - Fall 2013\Video Game Production Project\Module 4\TowerDefense\TowerDefense\Debug\CL.write.1.tlog
E:\Libraries\Cloud Storage\Dropbox\School\14 - Fall 2013\Video Game Production Project\Module 4\TowerDefense\TowerDefense\Debug\link-cvtres.read.1.tlog
E:\Libraries\Cloud Storage\Dropbox\School\14 - Fall 2013\Video Game Production Project\Module 4\TowerDefense\TowerDefense\Debug\link-cvtres.write.1.tlog
E:\Libraries\Cloud Storage\Dropbox\School\14 - Fall 2013\Video Game Production Project\Module 4\TowerDefense\TowerDefense\Debug\link-rc.read.1.tlog
E:\Libraries\Cloud Storage\Dropbox\School\14 - Fall 2013\Video Game Production Project\Module 4\TowerDefense\TowerDefense\Debug\link-rc.write.1.tlog
E:\Libraries\Cloud Storage\Dropbox\School\14 - Fall 2013\Video Game Production Project\Module 4\TowerDefense\TowerDefense\Debug\link.1096-cvtres.read.1.tlog
E:\Libraries\Cloud Storage\Dropbox\School\14 - Fall 2013\Video Game Production Project\Module 4\TowerDefense\TowerDefense\Debug\link.1096-cvtres.write.1.tlog
E:\Libraries\Cloud Storage\Dropbox\School\14 - Fall 2013\Video Game Production Project\Module 4\TowerDefense\TowerDefense\Debug\link.1096-rc.read.1.tlog
E:\Libraries\Cloud Storage\Dropbox\School\14 - Fall 2013\Video Game Production Project\Module 4\TowerDefense\TowerDefense\Debug\link.1096-rc.write.1.tlog
E:\Libraries\Cloud Storage\Dropbox\School\14 - Fall 2013\Video Game Production Project\Module 4\TowerDefense\TowerDefense\Debug\link.1096.read.1.tlog
E:\Libraries\Cloud Storage\Dropbox\School\14 - Fall 2013\Video Game Production Project\Module 4\TowerDefense\TowerDefense\Debug\link.1096.write.1.tlog
E:\Libraries\Cloud Storage\Dropbox\School\14 - Fall 2013\Video Game Production Project\Module 4\TowerDefense\TowerDefense\Debug\link.1244-cvtres.read.1.tlog
E:\Libraries\Cloud Storage\Dropbox\School\14 - Fall 2013\Video Game Production Project\Module 4\TowerDefense\TowerDefense\Debug\link.1244-cvtres.write.1.tlog
E:\Libraries\Cloud Storage\Dropbox\School\14 - Fall 2013\Video Game Production Project\Module 4\TowerDefense\TowerDefense\Debug\link.1244-rc.read.1.tlog
E:\Libraries\Cloud Storage\Dropbox\School\14 - Fall 2013\Video Game Production Project\Module 4\TowerDefense\TowerDefense\Debug\link.1244-rc.write.1.tlog
E:\Libraries\Cloud Storage\Dropbox\School\14 - Fall 2013\Video Game Production Project\Module 4\TowerDefense\TowerDefense\Debug\link.1244.read.1.tlog
E:\Libraries\Cloud Storage\Dropbox\School\14 - Fall 2013\Video Game Production Project\Module 4\TowerDefense\TowerDefense\Debug\link.1244.write.1.tlog
E:\Libraries\Cloud Storage\Dropbox\School\14 - Fall 2013\Video Game Production Project\Module 4\TowerDefense\TowerDefense\Debug\link.2604.7508.read.1.tlog
E:\Libraries\Cloud Storage\Dropbox\School\14 - Fall 2013\Video Game Production Project\Module 4\TowerDefense\TowerDefense\Debug\link.2604.7508.write.1.tlog
E:\Libraries\Cloud Storage\Dropbox\School\14 - Fall 2013\Video Game Production Project\Module 4\TowerDefense\TowerDefense\Debug\link.2604.read.1.tlog
E:\Libraries\Cloud Storage\Dropbox\School\14 - Fall 2013\Video Game Production Project\Module 4\TowerDefense\TowerDefense\Debug\link.2604.write.1.tlog
E:\Libraries\Cloud Storage\Dropbox\School\14 - Fall 2013\Video Game Production Project\Module 4\TowerDefense\TowerDefense\Debug\link.268.read.1.tlog
E:\Libraries\Cloud Storage\Dropbox\School\14 - Fall 2013\Video Game Production Project\Module 4\TowerDefense\TowerDefense\Debug\link.268.write.1.tlog
E:\Libraries\Cloud Storage\Dropbox\School\14 - Fall 2013\Video Game Production Project\Module 4\TowerDefense\TowerDefense\Debug\link.3908.read.1.tlog
E:\Libraries\Cloud Storage\Dropbox\School\14 - Fall 2013\Video Game Production Project\Module 4\TowerDefense\TowerDefense\Debug\link.3908.write.1.tlog
E:\Libraries\Cloud Storage\Dropbox\School\14 - Fall 2013\Video Game Production Project\Module 4\TowerDefense\TowerDefense\Debug\link.5024-cvtres.read.1.tlog
E:\Libraries\Cloud Storage\Dropbox\School\14 - Fall 2013\Video Game Production Project\Module 4\TowerDefense\TowerDefense\Debug\link.5024-cvtres.write.1.tlog
E:\Libraries\Cloud Storage\Dropbox\School\14 - Fall 2013\Video Game Production Project\Module 4\TowerDefense\TowerDefense\Debug\link.5024-rc.read.1.tlog
E:\Libraries\Cloud Storage\Dropbox\School\14 - Fall 2013\Video Game Production Project\Module 4\TowerDefense\TowerDefense\Debug\link.5024-rc.write.1.tlog
E:\Libraries\Cloud Storage\Dropbox\School\14 - Fall 2013\Video Game Production Project\Module 4\TowerDefense\TowerDefense\Debug\link.5024.read.1.tlog
E:\Libraries\Cloud Storage\Dropbox\School\14 - Fall 2013\Video Game Production Project\Module 4\TowerDefense\TowerDefense\Debug\link.5024.write.1.tlog
E:\Libraries\Cloud Storage\Dropbox\School\14 - Fall 2013\Video Game Production Project\Module 4\TowerDefense\TowerDefense\Debug\link.5060-cvtres.read.1.tlog
E:\Libraries\Cloud Storage\Dropbox\School\14 - Fall 2013\Video Game Production Project\Module 4\TowerDefense\TowerDefense\Debug\link.5060-cvtres.write.1.tlog
E:\Libraries\Cloud Storage\Dropbox\School\14 - Fall 2013\Video Game Production Project\Module 4\TowerDefense\TowerDefense\Debug\link.5060-rc.read.1.tlog
E:\Libraries\Cloud Storage\Dropbox\School\14 - Fall 2013\Video Game Production Project\Module 4\TowerDefense\TowerDefense\Debug\link.5060-rc.write.1.tlog
E:\Libraries\Cloud Storage\Dropbox\School\14 - Fall 2013\Video Game Production Project\Module 4\TowerDefense\TowerDefense\Debug\link.5060.read.1.tlog
E:\Libraries\Cloud Storage\Dropbox\School\14 - Fall 2013\Video Game Production Project\Module 4\TowerDefense\TowerDefense\Debug\link.5060.write.1.tlog
E:\Libraries\Cloud Storage\Dropbox\School\14 - Fall 2013\Video Game Production Project\Module 4\TowerDefense\TowerDefense\Debug\link.5888-cvtres.read.1.tlog
E:\Libraries\Cloud Storage\Dropbox\School\14 - Fall 2013\Video Game Production Project\Module 4\TowerDefense\TowerDefense\Debug\link.5888-cvtres.write.1.tlog
E:\Libraries\Cloud Storage\Dropbox\School\14 - Fall 2013\Video Game Production Project\Module 4\TowerDefense\TowerDefense\Debug\link.5888-rc.read.1.tlog
E:\Libraries\Cloud Storage\Dropbox\School\14 - Fall 2013\Video Game Production Project\Module 4\TowerDefense\TowerDefense\Debug\link.5888-rc.write.1.tlog
E:\Libraries\Cloud Storage\Dropbox\School\14 - Fall 2013\Video Game Production Project\Module 4\TowerDefense\TowerDefense\Debug\link.5888.read.1.tlog
E:\Libraries\Cloud Storage\Dropbox\School\14 - Fall 2013\Video Game Production Project\Module 4\TowerDefense\TowerDefense\Debug\link.5888.write.1.tlog
E:\Libraries\Cloud Storage\Dropbox\School\14 - Fall 2013\Video Game Production Project\Module 4\TowerDefense\TowerDefense\Debug\link.6284-cvtres.read.1.tlog
E:\Libraries\Cloud Storage\Dropbox\School\14 - Fall 2013\Video Game Production Project\Module 4\TowerDefense\TowerDefense\Debug\link.6284-cvtres.write.1.tlog
E:\Libraries\Cloud Storage\Dropbox\School\14 - Fall 2013\Video Game Production Project\Module 4\TowerDefense\TowerDefense\Debug\link.6284-rc.read.1.tlog
E:\Libraries\Cloud Storage\Dropbox\School\14 - Fall 2013\Video Game Production Project\Module 4\TowerDefense\TowerDefense\Debug\link.6284-rc.write.1.tlog
E:\Libraries\Cloud Storage\Dropbox\School\14 - Fall 2013\Video Game Production Project\Module 4\TowerDefense\TowerDefense\Debug\link.6284.read.1.tlog
E:\Libraries\Cloud Storage\Dropbox\School\14 - Fall 2013\Video Game Production Project\Module 4\TowerDefense\TowerDefense\Debug\link.6284.write.1.tlog
E:\Libraries\Cloud Storage\Dropbox\School\14 - Fall 2013\Video Game Production Project\Module 4\TowerDefense\TowerDefense\Debug\link.6560-cvtres.read.1.tlog
E:\Libraries\Cloud Storage\Dropbox\School\14 - Fall 2013\Video Game Production Project\Module 4\TowerDefense\TowerDefense\Debug\link.6560-cvtres.write.1.tlog
E:\Libraries\Cloud Storage\Dropbox\School\14 - Fall 2013\Video Game Production Project\Module 4\TowerDefense\TowerDefense\Debug\link.6560-rc.read.1.tlog
E:\Libraries\Cloud Storage\Dropbox\School\14 - Fall 2013\Video Game Production Project\Module 4\TowerDefense\TowerDefense\Debug\link.6560-rc.write.1.tlog
E:\Libraries\Cloud Storage\Dropbox\School\14 - Fall 2013\Video Game Production Project\Module 4\TowerDefense\TowerDefense\Debug\link.6560.read.1.tlog
E:\Libraries\Cloud Storage\Dropbox\School\14 - Fall 2013\Video Game Production Project\Module 4\TowerDefense\TowerDefense\Debug\link.6560.write.1.tlog
E:\Libraries\Cloud Storage\Dropbox\School\14 - Fall 2013\Video Game Production Project\Module 4\TowerDefense\TowerDefense\Debug\link.7384-cvtres.read.1.tlog
E:\Libraries\Cloud Storage\Dropbox\School\14 - Fall 2013\Video Game Production Project\Module 4\TowerDefense\TowerDefense\Debug\link.7384-cvtres.write.1.tlog
E:\Libraries\Cloud Storage\Dropbox\School\14 - Fall 2013\Video Game Production Project\Module 4\TowerDefense\TowerDefense\Debug\link.7384-rc.read.1.tlog
E:\Libraries\Cloud Storage\Dropbox\School\14 - Fall 2013\Video Game Production Project\Module 4\TowerDefense\TowerDefense\Debug\link.7384-rc.write.1.tlog
E:\Libraries\Cloud Storage\Dropbox\School\14 - Fall 2013\Video Game Production Project\Module 4\TowerDefense\TowerDefense\Debug\link.7384.read.1.tlog
E:\Libraries\Cloud Storage\Dropbox\School\14 - Fall 2013\Video Game Production Project\Module 4\TowerDefense\TowerDefense\Debug\link.7384.write.1.tlog
E:\Libraries\Cloud Storage\Dropbox\School\14 - Fall 2013\Video Game Production Project\Module 4\TowerDefense\TowerDefense\Debug\link.command.1.tlog
E:\Libraries\Cloud Storage\Dropbox\School\14 - Fall 2013\Video Game Production Project\Module 4\TowerDefense\TowerDefense\Debug\link.read.1.tlog
E:\Libraries\Cloud Storage\Dropbox\School\14 - Fall 2013\Video Game Production Project\Module 4\TowerDefense\TowerDefense\Debug\link.write.1.tlog
E:\Libraries\Cloud Storage\Dropbox\School\14 - Fall 2013\Video Game Production Project\Module 4\TowerDefense\TowerDefense\Debug\rc.command.1.tlog
E:\Libraries\Cloud Storage\Dropbox\School\14 - Fall 2013\Video Game Production Project\Module 4\TowerDefense\TowerDefense\Debug\rc.read.1.tlog
E:\Libraries\Cloud Storage\Dropbox\School\14 - Fall 2013\Video Game Production Project\Module 4\TowerDefense\TowerDefense\Debug\rc.write.1.tlog
E:\Libraries\Cloud Storage\Dropbox\School\14 - Fall 2013\Video Game Production Project\Module 4\TowerDefense\TowerDefense\Debug\TowerDefense.res
E:\Libraries\Cloud Storage\Dropbox\School\14 - Fall 2013\Video Game Production Project\Module 4\TowerDefense\TowerDefense\Debug\vc110.idb
E:\Libraries\Cloud Storage\Dropbox\School\14 - Fall 2013\Video Game Production Project\Module 4\TowerDefense\TowerDefense\Debug\vc110.pdb
E:\Libraries\Cloud Storage\Dropbox\School\14 - Fall 2013\Video Game Production Project\Module 4\TowerDefense\Debug\TowerDefense.pdb
E:\Libraries\Cloud Storage\Dropbox\School\14 - Fall 2013\Video Game Production Project\Module 4\TowerDefense\Debug\TowerDefense.exe
E:\Libraries\Cloud Storage\Dropbox\School\14 - Fall 2013\Video Game Production Project\Module 4\TowerDefense\Debug\TowerDefense.ilk
